    OpenRGB v0.81
    Commit:  from 
    Launched: 20240412_090428
====================================================================================================

0     |Info:    Found file: ocodo.orp attempting to validate header
0     |Info:    Valid v4 profile found for ocodo
1003  |Info:    ------------------------------------------------------
1003  |Info:    |               Start device detection               |
1003  |Info:    ------------------------------------------------------
1003  |Info:    Initializing HID interfaces: Success
1005  |Info:    ------------------------------------------------------
1005  |Info:    |             Detecting I2C interfaces               |
1005  |Info:    ------------------------------------------------------
1005  |Info:    Registering I2C interface: /dev/i2c-3 Device 10DE:2705 Subsystem: 1771:10DE
1005  |Info:    Registering I2C interface: /dev/i2c-1 Device 10DE:2705 Subsystem: 1771:10DE
1005  |Info:    Registering I2C interface: /dev/i2c-4 Device 10DE:2705 Subsystem: 1771:10DE
1005  |Info:    Registering I2C interface: /dev/i2c-2 Device 10DE:2705 Subsystem: 1771:10DE
1005  |Info:    Registering I2C interface: /dev/i2c-0 Device 10DE:2705 Subsystem: 1771:10DE
1005  |Info:    ------------------------------------------------------
1005  |Info:    |               Detecting I2C devices                |
1005  |Info:    ------------------------------------------------------
1005  |Info:    ------------------------------------------------------
1005  |Info:    |               Detecting I2C PCI devices            |
1005  |Info:    ------------------------------------------------------
1005  |Info:    ------------------------------------------------------
1005  |Info:    |               Detecting HID devices                |
1005  |Info:    ------------------------------------------------------
1095  |Info:    [ASUS TUF GAMING B760M-PLUS] Registering RGB controller
1095  |Info:    ------------------------------------------------------
1095  |Info:    |            Detecting libusb HID devices            |
1095  |Info:    ------------------------------------------------------
1099  |Info:    ------------------------------------------------------
1099  |Info:    |              Detecting other devices               |
1099  |Info:    ------------------------------------------------------
1102  |Info:    ------------------------------------------------------
1102  |Info:    |                Detection completed                 |
1102  |Info:    ------------------------------------------------------
