    OpenRGB v0.9
    Commit: b5f46e3f1de03595656c682fc2f068b66e735e63 from 2023-07-09 22:51:47 -0500
    Launched: 20241003_134131
====================================================================================================

0     |Info:    Found file: ocodo.orp attempting to validate header
0     |Info:    Valid v4 profile found for ocodo
1003  |Info:    ------------------------------------------------------
1003  |Info:    |               Start device detection               |
1003  |Info:    ------------------------------------------------------
1004  |Info:    Initializing HID interfaces: Success
1012  |Info:    ------------------------------------------------------
1012  |Info:    |             Detecting I2C interfaces               |
1012  |Info:    ------------------------------------------------------
1012  |Info:    Registering I2C interface: /dev/i2c-3 Device 8086:7A23 Subsystem: 1043:8882
1012  |Info:    Registering I2C interface: /dev/i2c-1 Device 0000:0000 Subsystem: 0000:0000
1012  |Info:    Registering I2C interface: /dev/i2c-8 Device 10DE:2705 Subsystem: 1771:10DE
1012  |Info:    Registering I2C interface: /dev/i2c-6 Device 10DE:2705 Subsystem: 1771:10DE
1012  |Info:    Registering I2C interface: /dev/i2c-4 Device 10DE:2705 Subsystem: 1771:10DE
1012  |Info:    Registering I2C interface: /dev/i2c-2 Device 0000:0000 Subsystem: 0000:0000
1012  |Info:    Registering I2C interface: /dev/i2c-0 Device 0000:0000 Subsystem: 0000:0000
1012  |Info:    Registering I2C interface: /dev/i2c-7 Device 10DE:2705 Subsystem: 1771:10DE
1012  |Info:    Registering I2C interface: /dev/i2c-5 Device 10DE:2705 Subsystem: 1771:10DE
1012  |Info:    ------------------------------------------------------
1012  |Info:    |               Detecting I2C devices                |
1012  |Info:    ------------------------------------------------------
7537  |Info:    ------------------------------------------------------
7537  |Info:    |               Detecting I2C PCI devices            |
7537  |Info:    ------------------------------------------------------
7539  |Info:    ------------------------------------------------------
7539  |Info:    |               Detecting HID devices                |
7539  |Info:    ------------------------------------------------------
7615  |Info:    [ASUS TUF GAMING B760M-PLUS] Registering RGB controller
7616  |Info:    ------------------------------------------------------
7616  |Info:    |            Detecting libusb HID devices            |
7616  |Info:    ------------------------------------------------------
7616  |Info:    ------------------------------------------------------
7616  |Info:    |              Detecting other devices               |
7616  |Info:    ------------------------------------------------------
7623  |Info:    ------------------------------------------------------
7623  |Info:    |                Detection completed                 |
7623  |Info:    ------------------------------------------------------
