    OpenRGB v0.9
    Commit: b5f46e3f1de03595656c682fc2f068b66e735e63 from 2023-07-09 22:51:47 -0500
    Launched: 20241003_121023
====================================================================================================

0     |Info:    Found file: ocodo.orp attempting to validate header
0     |Info:    Valid v4 profile found for ocodo
1006  |Info:    ------------------------------------------------------
1006  |Info:    |               Start device detection               |
1006  |Info:    ------------------------------------------------------
1006  |Info:    Initializing HID interfaces: Success
1017  |Info:    ------------------------------------------------------
1017  |Info:    |             Detecting I2C interfaces               |
1017  |Info:    ------------------------------------------------------
1018  |Info:    Registering I2C interface: /dev/i2c-3 Device 8086:7A23 Subsystem: 1043:8882
1018  |Info:    Registering I2C interface: /dev/i2c-1 Device 0000:0000 Subsystem: 0000:0000
1018  |Info:    Registering I2C interface: /dev/i2c-8 Device 10DE:2705 Subsystem: 1771:10DE
1018  |Info:    Registering I2C interface: /dev/i2c-6 Device 10DE:2705 Subsystem: 1771:10DE
1018  |Info:    Registering I2C interface: /dev/i2c-4 Device 10DE:2705 Subsystem: 1771:10DE
1018  |Info:    Registering I2C interface: /dev/i2c-2 Device 0000:0000 Subsystem: 0000:0000
1018  |Info:    Registering I2C interface: /dev/i2c-0 Device 0000:0000 Subsystem: 0000:0000
1018  |Info:    Registering I2C interface: /dev/i2c-7 Device 10DE:2705 Subsystem: 1771:10DE
1018  |Info:    Registering I2C interface: /dev/i2c-5 Device 10DE:2705 Subsystem: 1771:10DE
1018  |Info:    ------------------------------------------------------
1018  |Info:    |               Detecting I2C devices                |
1018  |Info:    ------------------------------------------------------
7554  |Info:    ------------------------------------------------------
7554  |Info:    |               Detecting I2C PCI devices            |
7554  |Info:    ------------------------------------------------------
7559  |Info:    ------------------------------------------------------
7559  |Info:    |               Detecting HID devices                |
7559  |Info:    ------------------------------------------------------
