    OpenRGB v0.81
    Commit:  from 
    Launched: 20240606_120917
====================================================================================================

5     |Info:    Found file: ocodo.orp attempting to validate header
5     |Info:    Valid v4 profile found for ocodo
1008  |Info:    ------------------------------------------------------
1008  |Info:    |               Start device detection               |
1008  |Info:    ------------------------------------------------------
1009  |Info:    Initializing HID interfaces: Success
1014  |Info:    ------------------------------------------------------
1014  |Info:    |             Detecting I2C interfaces               |
1014  |Info:    ------------------------------------------------------
1015  |Info:    Registering I2C interface: /dev/i2c-3 Device 10DE:2705 Subsystem: 1771:10DE
1015  |Info:    Registering I2C interface: /dev/i2c-1 Device 10DE:2705 Subsystem: 1771:10DE
1015  |Info:    Registering I2C interface: /dev/i2c-4 Device 10DE:2705 Subsystem: 1771:10DE
1015  |Info:    Registering I2C interface: /dev/i2c-2 Device 10DE:2705 Subsystem: 1771:10DE
1015  |Info:    Registering I2C interface: /dev/i2c-0 Device 10DE:2705 Subsystem: 1771:10DE
1015  |Info:    ------------------------------------------------------
1015  |Info:    |               Detecting I2C devices                |
1015  |Info:    ------------------------------------------------------
1015  |Info:    ------------------------------------------------------
1015  |Info:    |               Detecting I2C PCI devices            |
1015  |Info:    ------------------------------------------------------
1015  |Info:    ------------------------------------------------------
1015  |Info:    |               Detecting HID devices                |
1015  |Info:    ------------------------------------------------------
1048  |Info:    [ASUS TUF GAMING B760M-PLUS] Registering RGB controller
1048  |Info:    ------------------------------------------------------
1048  |Info:    |            Detecting libusb HID devices            |
1048  |Info:    ------------------------------------------------------
1055  |Info:    ------------------------------------------------------
1055  |Info:    |              Detecting other devices               |
1055  |Info:    ------------------------------------------------------
1058  |Info:    ------------------------------------------------------
1058  |Info:    |                Detection completed                 |
1058  |Info:    ------------------------------------------------------
104988|Info:    ------------------------------------------------------
104988|Info:    |               Start device detection               |
104988|Info:    ------------------------------------------------------
104988|Info:    Initializing HID interfaces: Success
104992|Info:    ------------------------------------------------------
104992|Info:    |             Detecting I2C interfaces               |
104992|Info:    ------------------------------------------------------
104992|Info:    Registering I2C interface: /dev/i2c-3 Device 10DE:2705 Subsystem: 1771:10DE
104992|Info:    Registering I2C interface: /dev/i2c-1 Device 10DE:2705 Subsystem: 1771:10DE
104993|Info:    Registering I2C interface: /dev/i2c-4 Device 10DE:2705 Subsystem: 1771:10DE
104993|Info:    Registering I2C interface: /dev/i2c-2 Device 10DE:2705 Subsystem: 1771:10DE
104993|Info:    Registering I2C interface: /dev/i2c-0 Device 10DE:2705 Subsystem: 1771:10DE
104993|Info:    ------------------------------------------------------
104993|Info:    |               Detecting I2C devices                |
104993|Info:    ------------------------------------------------------
104993|Info:    ------------------------------------------------------
104993|Info:    |               Detecting I2C PCI devices            |
104993|Info:    ------------------------------------------------------
104994|Info:    ------------------------------------------------------
104994|Info:    |               Detecting HID devices                |
104994|Info:    ------------------------------------------------------
105084|Info:    [ASUS TUF GAMING B760M-PLUS] Registering RGB controller
105084|Info:    ------------------------------------------------------
105084|Info:    |            Detecting libusb HID devices            |
105084|Info:    ------------------------------------------------------
105087|Info:    ------------------------------------------------------
105087|Info:    |              Detecting other devices               |
105087|Info:    ------------------------------------------------------
105088|Info:    ------------------------------------------------------
105088|Info:    |                Detection completed                 |
105088|Info:    ------------------------------------------------------
108382|Info:    Profile loading: Succeeded for ASUS TUF GAMING B760M-PLUS @ HID: /dev/hidraw9
111133|Info:    Profile loading: Succeeded for ASUS TUF GAMING B760M-PLUS @ HID: /dev/hidraw9
112421|Info:    Profile loading: Succeeded for ASUS TUF GAMING B760M-PLUS @ HID: /dev/hidraw9
