    OpenRGB v0.81
    Commit:  from 
    Launched: 20240605_223103
====================================================================================================

0     |Info:    Found file: ocodo.orp attempting to validate header
1     |Info:    Valid v4 profile found for ocodo
1004  |Info:    ------------------------------------------------------
1004  |Info:    |               Start device detection               |
1004  |Info:    ------------------------------------------------------
1005  |Info:    Initializing HID interfaces: Success
2111  |Info:    ------------------------------------------------------
2111  |Info:    |             Detecting I2C interfaces               |
2111  |Info:    ------------------------------------------------------
2111  |Info:    Registering I2C interface: /dev/i2c-3 Device 10DE:2705 Subsystem: 1771:10DE
2111  |Info:    Registering I2C interface: /dev/i2c-1 Device 10DE:2705 Subsystem: 1771:10DE
2111  |Info:    Registering I2C interface: /dev/i2c-4 Device 10DE:2705 Subsystem: 1771:10DE
2111  |Info:    Registering I2C interface: /dev/i2c-2 Device 10DE:2705 Subsystem: 1771:10DE
2111  |Info:    Registering I2C interface: /dev/i2c-0 Device 10DE:2705 Subsystem: 1771:10DE
2111  |Info:    ------------------------------------------------------
2111  |Info:    |               Detecting I2C devices                |
2111  |Info:    ------------------------------------------------------
2112  |Info:    ------------------------------------------------------
2112  |Info:    |               Detecting I2C PCI devices            |
2112  |Info:    ------------------------------------------------------
2112  |Info:    ------------------------------------------------------
2112  |Info:    |               Detecting HID devices                |
2112  |Info:    ------------------------------------------------------
2193  |Info:    [ASUS TUF GAMING B760M-PLUS] Registering RGB controller
2193  |Info:    ------------------------------------------------------
2193  |Info:    |            Detecting libusb HID devices            |
2193  |Info:    ------------------------------------------------------
2255  |Info:    ------------------------------------------------------
2255  |Info:    |              Detecting other devices               |
2255  |Info:    ------------------------------------------------------
2260  |Info:    ------------------------------------------------------
2260  |Info:    |                Detection completed                 |
2260  |Info:    ------------------------------------------------------
