    OpenRGB v0.9
    Commit: b5f46e3f1de03595656c682fc2f068b66e735e63 from 2023-07-09 22:51:47 -0500
    Launched: 20240205_192302
====================================================================================================

1019  |Info:    ------------------------------------------------------
1019  |Info:    |               Start device detection               |
1019  |Info:    ------------------------------------------------------
1019  |Info:    Initializing HID interfaces: Success
1024  |Info:    ------------------------------------------------------
1024  |Info:    |             Detecting I2C interfaces               |
1024  |Info:    ------------------------------------------------------
1024  |Info:    Registering I2C interface: /dev/i2c-3 Device 10DE:2487 Subsystem: 10DE:1530
1025  |Info:    Registering I2C interface: /dev/i2c-1 Device 10DE:2487 Subsystem: 10DE:1530
1025  |Info:    Registering I2C interface: /dev/i2c-4 Device 10DE:2487 Subsystem: 10DE:1530
1025  |Info:    Registering I2C interface: /dev/i2c-2 Device 10DE:2487 Subsystem: 10DE:1530
1025  |Info:    Registering I2C interface: /dev/i2c-0 Device 10DE:2487 Subsystem: 10DE:1530
1025  |Info:    Registering I2C interface: /dev/i2c-5 Device 10DE:2487 Subsystem: 10DE:1530
1025  |Info:    ------------------------------------------------------
1025  |Info:    |               Detecting I2C devices                |
1025  |Info:    ------------------------------------------------------
1026  |Info:    ------------------------------------------------------
1026  |Info:    |               Detecting I2C PCI devices            |
1026  |Info:    ------------------------------------------------------
1027  |Info:    ------------------------------------------------------
1027  |Info:    |               Detecting HID devices                |
1027  |Info:    ------------------------------------------------------
1109  |Info:    [ASUS TUF GAMING B760M-PLUS] Registering RGB controller
1109  |Info:    ------------------------------------------------------
1109  |Info:    |            Detecting libusb HID devices            |
1109  |Info:    ------------------------------------------------------
1109  |Info:    ------------------------------------------------------
1109  |Info:    |              Detecting other devices               |
1109  |Info:    ------------------------------------------------------
1114  |Info:    ------------------------------------------------------
1114  |Info:    |                Detection completed                 |
1114  |Info:    ------------------------------------------------------
16559 |Info:    ------------------------------------------------------
16559 |Info:    |               Start device detection               |
16559 |Info:    ------------------------------------------------------
16559 |Info:    Initializing HID interfaces: Success
16561 |Info:    ------------------------------------------------------
16561 |Info:    |             Detecting I2C interfaces               |
16561 |Info:    ------------------------------------------------------
16561 |Info:    Registering I2C interface: /dev/i2c-3 Device 10DE:2487 Subsystem: 10DE:1530
16561 |Info:    Registering I2C interface: /dev/i2c-1 Device 10DE:2487 Subsystem: 10DE:1530
16561 |Info:    Registering I2C interface: /dev/i2c-4 Device 10DE:2487 Subsystem: 10DE:1530
16561 |Info:    Registering I2C interface: /dev/i2c-2 Device 10DE:2487 Subsystem: 10DE:1530
16561 |Info:    Registering I2C interface: /dev/i2c-0 Device 10DE:2487 Subsystem: 10DE:1530
16561 |Info:    Registering I2C interface: /dev/i2c-5 Device 10DE:2487 Subsystem: 10DE:1530
16561 |Info:    ------------------------------------------------------
16561 |Info:    |               Detecting I2C devices                |
16561 |Info:    ------------------------------------------------------
16561 |Info:    ------------------------------------------------------
16561 |Info:    |               Detecting I2C PCI devices            |
16561 |Info:    ------------------------------------------------------
16562 |Info:    ------------------------------------------------------
16562 |Info:    |               Detecting HID devices                |
16562 |Info:    ------------------------------------------------------
16654 |Info:    [ASUS TUF GAMING B760M-PLUS] Registering RGB controller
16654 |Info:    ------------------------------------------------------
16654 |Info:    |            Detecting libusb HID devices            |
16654 |Info:    ------------------------------------------------------
16654 |Info:    ------------------------------------------------------
16654 |Info:    |              Detecting other devices               |
16654 |Info:    ------------------------------------------------------
16655 |Info:    ------------------------------------------------------
16655 |Info:    |                Detection completed                 |
16655 |Info:    ------------------------------------------------------
56071 |Info:    ------------------------------------------------------
56071 |Info:    |               Start device detection               |
56071 |Info:    ------------------------------------------------------
56072 |Info:    Initializing HID interfaces: Success
56075 |Info:    ------------------------------------------------------
56075 |Info:    |             Detecting I2C interfaces               |
56075 |Info:    ------------------------------------------------------
56075 |Info:    Registering I2C interface: /dev/i2c-3 Device 10DE:2487 Subsystem: 10DE:1530
56075 |Info:    Registering I2C interface: /dev/i2c-1 Device 10DE:2487 Subsystem: 10DE:1530
56075 |Info:    Registering I2C interface: /dev/i2c-4 Device 10DE:2487 Subsystem: 10DE:1530
56075 |Info:    Registering I2C interface: /dev/i2c-2 Device 10DE:2487 Subsystem: 10DE:1530
56075 |Info:    Registering I2C interface: /dev/i2c-0 Device 10DE:2487 Subsystem: 10DE:1530
56075 |Info:    Registering I2C interface: /dev/i2c-5 Device 10DE:2487 Subsystem: 10DE:1530
56075 |Info:    ------------------------------------------------------
56075 |Info:    |               Detecting I2C devices                |
56075 |Info:    ------------------------------------------------------
56075 |Info:    ------------------------------------------------------
56075 |Info:    |               Detecting I2C PCI devices            |
56075 |Info:    ------------------------------------------------------
56077 |Info:    ------------------------------------------------------
56077 |Info:    |               Detecting HID devices                |
56077 |Info:    ------------------------------------------------------
56162 |Info:    [ASUS TUF GAMING B760M-PLUS] Registering RGB controller
56162 |Info:    ------------------------------------------------------
56162 |Info:    |            Detecting libusb HID devices            |
56162 |Info:    ------------------------------------------------------
56163 |Info:    ------------------------------------------------------
56163 |Info:    |              Detecting other devices               |
56163 |Info:    ------------------------------------------------------
56164 |Info:    ------------------------------------------------------
56164 |Info:    |                Detection completed                 |
56164 |Info:    ------------------------------------------------------
