    OpenRGB v0.9
    Commit: b5f46e3f1de03595656c682fc2f068b66e735e63 from 2023-07-09 22:51:47 -0500
    Launched: 20240213_130641
====================================================================================================

0     |Info:    Found file: ocodo.orp attempting to validate header
0     |Info:    Valid v4 profile found for ocodo
1019  |Info:    ------------------------------------------------------
1019  |Info:    |               Start device detection               |
1019  |Info:    ------------------------------------------------------
1019  |Info:    Initializing HID interfaces: Success
1025  |Info:    ------------------------------------------------------
1025  |Info:    |             Detecting I2C interfaces               |
1025  |Info:    ------------------------------------------------------
1025  |Info:    Registering I2C interface: /dev/i2c-3 Device 10DE:2487 Subsystem: 10DE:1530
1025  |Info:    Registering I2C interface: /dev/i2c-1 Device 10DE:2487 Subsystem: 10DE:1530
1025  |Info:    Registering I2C interface: /dev/i2c-4 Device 10DE:2487 Subsystem: 10DE:1530
1025  |Info:    Registering I2C interface: /dev/i2c-2 Device 10DE:2487 Subsystem: 10DE:1530
1025  |Info:    Registering I2C interface: /dev/i2c-0 Device 10DE:2487 Subsystem: 10DE:1530
1026  |Info:    Registering I2C interface: /dev/i2c-5 Device 10DE:2487 Subsystem: 10DE:1530
1026  |Info:    ------------------------------------------------------
1026  |Info:    |               Detecting I2C devices                |
1026  |Info:    ------------------------------------------------------
1030  |Info:    ------------------------------------------------------
1030  |Info:    |               Detecting I2C PCI devices            |
1030  |Info:    ------------------------------------------------------
1031  |Info:    ------------------------------------------------------
1031  |Info:    |               Detecting HID devices                |
1031  |Info:    ------------------------------------------------------
1112  |Info:    [ASUS TUF GAMING B760M-PLUS] Registering RGB controller
1112  |Info:    ------------------------------------------------------
1112  |Info:    |            Detecting libusb HID devices            |
1112  |Info:    ------------------------------------------------------
1116  |Info:    ------------------------------------------------------
1116  |Info:    |              Detecting other devices               |
1116  |Info:    ------------------------------------------------------
1120  |Info:    ------------------------------------------------------
1120  |Info:    |                Detection completed                 |
1120  |Info:    ------------------------------------------------------
79789 |Info:    Profile loading: Succeeded for ASUS TUF GAMING B760M-PLUS @ HID: /dev/hidraw0
80554 |Info:    Profile loading: Succeeded for ASUS TUF GAMING B760M-PLUS @ HID: /dev/hidraw0
80734 |Info:    Profile loading: Succeeded for ASUS TUF GAMING B760M-PLUS @ HID: /dev/hidraw0
