    OpenRGB v0.81
    Commit:  from 
    Launched: 20240520_075552
====================================================================================================

0     |Info:    Found file: ocodo.orp attempting to validate header
0     |Info:    Valid v4 profile found for ocodo
1078  |Info:    ------------------------------------------------------
1078  |Info:    |               Start device detection               |
1078  |Info:    ------------------------------------------------------
1078  |Info:    Initializing HID interfaces: Success
1079  |Info:    ------------------------------------------------------
1079  |Info:    |             Detecting I2C interfaces               |
1079  |Info:    ------------------------------------------------------
1079  |Info:    Registering I2C interface: /dev/i2c-3 Device 10DE:2705 Subsystem: 1771:10DE
1079  |Info:    Registering I2C interface: /dev/i2c-1 Device 10DE:2705 Subsystem: 1771:10DE
1079  |Info:    Registering I2C interface: /dev/i2c-4 Device 10DE:2705 Subsystem: 1771:10DE
1079  |Info:    Registering I2C interface: /dev/i2c-2 Device 10DE:2705 Subsystem: 1771:10DE
1080  |Info:    Registering I2C interface: /dev/i2c-0 Device 10DE:2705 Subsystem: 1771:10DE
1080  |Info:    ------------------------------------------------------
1080  |Info:    |               Detecting I2C devices                |
1080  |Info:    ------------------------------------------------------
1155  |Info:    ------------------------------------------------------
1155  |Info:    |               Detecting I2C PCI devices            |
1155  |Info:    ------------------------------------------------------
1156  |Info:    ------------------------------------------------------
1156  |Info:    |               Detecting HID devices                |
1156  |Info:    ------------------------------------------------------
1248  |Info:    [ASUS TUF GAMING B760M-PLUS] Registering RGB controller
1248  |Info:    ------------------------------------------------------
1248  |Info:    |            Detecting libusb HID devices            |
1248  |Info:    ------------------------------------------------------
1360  |Info:    ------------------------------------------------------
1360  |Info:    |              Detecting other devices               |
1360  |Info:    ------------------------------------------------------
1545  |Info:    ------------------------------------------------------
1545  |Info:    |                Detection completed                 |
1545  |Info:    ------------------------------------------------------
