    OpenRGB v0.81
    Commit:  from 
    Launched: 20240418_094146
====================================================================================================

0     |Info:    Found file: ocodo.orp attempting to validate header
0     |Info:    Valid v4 profile found for ocodo
1001  |Info:    ------------------------------------------------------
1001  |Info:    |               Start device detection               |
1001  |Info:    ------------------------------------------------------
1001  |Info:    Initializing HID interfaces: Success
1002  |Info:    ------------------------------------------------------
1002  |Info:    |             Detecting I2C interfaces               |
1002  |Info:    ------------------------------------------------------
1002  |Info:    Registering I2C interface: /dev/i2c-3 Device 10DE:2705 Subsystem: 1771:10DE
1002  |Info:    Registering I2C interface: /dev/i2c-1 Device 10DE:2705 Subsystem: 1771:10DE
1002  |Info:    Registering I2C interface: /dev/i2c-4 Device 10DE:2705 Subsystem: 1771:10DE
1002  |Info:    Registering I2C interface: /dev/i2c-2 Device 10DE:2705 Subsystem: 1771:10DE
1002  |Info:    Registering I2C interface: /dev/i2c-0 Device 10DE:2705 Subsystem: 1771:10DE
1002  |Info:    ------------------------------------------------------
1002  |Info:    |               Detecting I2C devices                |
1002  |Info:    ------------------------------------------------------
1002  |Info:    ------------------------------------------------------
1002  |Info:    |               Detecting I2C PCI devices            |
1002  |Info:    ------------------------------------------------------
1003  |Info:    ------------------------------------------------------
1003  |Info:    |               Detecting HID devices                |
1003  |Info:    ------------------------------------------------------
1083  |Info:    [ASUS TUF GAMING B760M-PLUS] Registering RGB controller
1083  |Info:    ------------------------------------------------------
1083  |Info:    |            Detecting libusb HID devices            |
1083  |Info:    ------------------------------------------------------
1087  |Info:    ------------------------------------------------------
1087  |Info:    |              Detecting other devices               |
1087  |Info:    ------------------------------------------------------
1089  |Info:    ------------------------------------------------------
1089  |Info:    |                Detection completed                 |
1089  |Info:    ------------------------------------------------------
