    OpenRGB v0.81
    Commit:  from 
    Launched: 20240307_225156
====================================================================================================

0     |Info:    Found file: ocodo.orp attempting to validate header
0     |Info:    Valid v4 profile found for ocodo
1004  |Info:    ------------------------------------------------------
1005  |Info:    |               Start device detection               |
1005  |Info:    ------------------------------------------------------
1005  |Info:    Initializing HID interfaces: Success
1010  |Info:    ------------------------------------------------------
1010  |Info:    |             Detecting I2C interfaces               |
1010  |Info:    ------------------------------------------------------
1018  |Info:    Registering I2C interface: /dev/i2c-3 Device 10DE:2705 Subsystem: 1771:10DE
1018  |Info:    Registering I2C interface: /dev/i2c-1 Device 10DE:2705 Subsystem: 1771:10DE
1018  |Info:    Registering I2C interface: /dev/i2c-4 Device 10DE:2705 Subsystem: 1771:10DE
1018  |Info:    Registering I2C interface: /dev/i2c-2 Device 10DE:2705 Subsystem: 1771:10DE
1018  |Info:    Registering I2C interface: /dev/i2c-0 Device 10DE:2705 Subsystem: 1771:10DE
1018  |Info:    ------------------------------------------------------
1018  |Info:    |               Detecting I2C devices                |
1018  |Info:    ------------------------------------------------------
1019  |Info:    ------------------------------------------------------
1019  |Info:    |               Detecting I2C PCI devices            |
1019  |Info:    ------------------------------------------------------
1020  |Info:    ------------------------------------------------------
1020  |Info:    |               Detecting HID devices                |
1020  |Info:    ------------------------------------------------------
1051  |Info:    [ASUS TUF GAMING B760M-PLUS] Registering RGB controller
1051  |Info:    ------------------------------------------------------
1051  |Info:    |            Detecting libusb HID devices            |
1051  |Info:    ------------------------------------------------------
1060  |Info:    ------------------------------------------------------
1061  |Info:    |              Detecting other devices               |
1061  |Info:    ------------------------------------------------------
1066  |Info:    ------------------------------------------------------
1066  |Info:    |                Detection completed                 |
1066  |Info:    ------------------------------------------------------
