    OpenRGB v0.9
    Commit: b5f46e3f1de03595656c682fc2f068b66e735e63 from 2023-07-09 22:51:47 -0500
    Launched: 20240207_115720
====================================================================================================

1019  |Info:    ------------------------------------------------------
1019  |Info:    |               Start device detection               |
1019  |Info:    ------------------------------------------------------
1020  |Info:    Initializing HID interfaces: Success
1026  |Info:    ------------------------------------------------------
1026  |Info:    |             Detecting I2C interfaces               |
1026  |Info:    ------------------------------------------------------
1026  |Info:    Registering I2C interface: /dev/i2c-3 Device 10DE:2487 Subsystem: 10DE:1530
1026  |Info:    Registering I2C interface: /dev/i2c-1 Device 10DE:2487 Subsystem: 10DE:1530
1026  |Info:    Registering I2C interface: /dev/i2c-4 Device 10DE:2487 Subsystem: 10DE:1530
1026  |Info:    Registering I2C interface: /dev/i2c-2 Device 10DE:2487 Subsystem: 10DE:1530
1026  |Info:    Registering I2C interface: /dev/i2c-0 Device 10DE:2487 Subsystem: 10DE:1530
1027  |Info:    Registering I2C interface: /dev/i2c-5 Device 10DE:2487 Subsystem: 10DE:1530
1027  |Info:    ------------------------------------------------------
1027  |Info:    |               Detecting I2C devices                |
1027  |Info:    ------------------------------------------------------
1038  |Info:    ------------------------------------------------------
1038  |Info:    |               Detecting I2C PCI devices            |
1038  |Info:    ------------------------------------------------------
1039  |Info:    ------------------------------------------------------
1039  |Info:    |               Detecting HID devices                |
1039  |Info:    ------------------------------------------------------
1124  |Info:    [ASUS TUF GAMING B760M-PLUS] Registering RGB controller
1124  |Info:    ------------------------------------------------------
1124  |Info:    |            Detecting libusb HID devices            |
1124  |Info:    ------------------------------------------------------
1127  |Info:    ------------------------------------------------------
1127  |Info:    |              Detecting other devices               |
1127  |Info:    ------------------------------------------------------
1132  |Info:    ------------------------------------------------------
1132  |Info:    |                Detection completed                 |
1132  |Info:    ------------------------------------------------------
6620  |Info:    ------------------------------------------------------
6620  |Info:    |               Start device detection               |
6620  |Info:    ------------------------------------------------------
6621  |Info:    Initializing HID interfaces: Success
6625  |Info:    ------------------------------------------------------
6625  |Info:    |             Detecting I2C interfaces               |
6625  |Info:    ------------------------------------------------------
6625  |Info:    Registering I2C interface: /dev/i2c-3 Device 10DE:2487 Subsystem: 10DE:1530
6625  |Info:    Registering I2C interface: /dev/i2c-1 Device 10DE:2487 Subsystem: 10DE:1530
6625  |Info:    Registering I2C interface: /dev/i2c-4 Device 10DE:2487 Subsystem: 10DE:1530
6625  |Info:    Registering I2C interface: /dev/i2c-2 Device 10DE:2487 Subsystem: 10DE:1530
6625  |Info:    Registering I2C interface: /dev/i2c-0 Device 10DE:2487 Subsystem: 10DE:1530
6625  |Info:    Registering I2C interface: /dev/i2c-5 Device 10DE:2487 Subsystem: 10DE:1530
6625  |Info:    ------------------------------------------------------
6625  |Info:    |               Detecting I2C devices                |
6625  |Info:    ------------------------------------------------------
6625  |Info:    ------------------------------------------------------
6625  |Info:    |               Detecting I2C PCI devices            |
6625  |Info:    ------------------------------------------------------
6627  |Info:    ------------------------------------------------------
6627  |Info:    |               Detecting HID devices                |
6627  |Info:    ------------------------------------------------------
6708  |Info:    [ASUS TUF GAMING B760M-PLUS] Registering RGB controller
6709  |Info:    ------------------------------------------------------
6709  |Info:    |            Detecting libusb HID devices            |
6709  |Info:    ------------------------------------------------------
6711  |Info:    ------------------------------------------------------
6711  |Info:    |              Detecting other devices               |
6711  |Info:    ------------------------------------------------------
6712  |Info:    ------------------------------------------------------
6712  |Info:    |                Detection completed                 |
6712  |Info:    ------------------------------------------------------
