    OpenRGB v0.91
    Commit: 350863e3b85d6a83ec78af2bc2e384e24cbc7d28 from 2024-02-04 21:32:55 +0000
    Launched: 20240205_192838
====================================================================================================

1005  |Info:    ------------------------------------------------------
1005  |Info:    |               Start device detection               |
1005  |Info:    ------------------------------------------------------
1005  |Info:    Initializing HID interfaces: Success
1010  |Info:    ------------------------------------------------------
1010  |Info:    |             Detecting I2C interfaces               |
1010  |Info:    ------------------------------------------------------
1010  |Info:    Registering I2C interface: /dev/i2c-3 Device 10DE:2487 Subsystem: 10DE:1530
1010  |Info:    Registering I2C interface: /dev/i2c-1 Device 10DE:2487 Subsystem: 10DE:1530
1010  |Info:    Registering I2C interface: /dev/i2c-4 Device 10DE:2487 Subsystem: 10DE:1530
1010  |Info:    Registering I2C interface: /dev/i2c-2 Device 10DE:2487 Subsystem: 10DE:1530
1011  |Info:    Registering I2C interface: /dev/i2c-0 Device 10DE:2487 Subsystem: 10DE:1530
1011  |Info:    Registering I2C interface: /dev/i2c-5 Device 10DE:2487 Subsystem: 10DE:1530
1011  |Info:    ------------------------------------------------------
1011  |Info:    |               Detecting I2C devices                |
1011  |Info:    ------------------------------------------------------
1011  |Info:    ------------------------------------------------------
1011  |Info:    |               Detecting I2C PCI devices            |
1011  |Info:    ------------------------------------------------------
1012  |Info:    ------------------------------------------------------
1012  |Info:    |               Detecting HID devices                |
1012  |Info:    ------------------------------------------------------
1034  |Info:    [ASUS TUF GAMING B760M-PLUS] Registering RGB controller
1034  |Info:    ------------------------------------------------------
1034  |Info:    |            Detecting libusb HID devices            |
1034  |Info:    ------------------------------------------------------
1043  |Info:    ------------------------------------------------------
1044  |Info:    |              Detecting other devices               |
1044  |Info:    ------------------------------------------------------
1051  |Info:    ------------------------------------------------------
1051  |Info:    |                Detection completed                 |
1051  |Info:    ------------------------------------------------------
