    OpenRGB v0.81
    Commit:  from 
    Launched: 20240603_205414
====================================================================================================

0     |Info:    Found file: ocodo.orp attempting to validate header
1     |Info:    Valid v4 profile found for ocodo
1005  |Info:    ------------------------------------------------------
1005  |Info:    |               Start device detection               |
1005  |Info:    ------------------------------------------------------
1006  |Info:    Initializing HID interfaces: Success
1007  |Info:    ------------------------------------------------------
1007  |Info:    |             Detecting I2C interfaces               |
1007  |Info:    ------------------------------------------------------
1007  |Info:    Registering I2C interface: /dev/i2c-3 Device 10DE:2705 Subsystem: 1771:10DE
1007  |Info:    Registering I2C interface: /dev/i2c-1 Device 10DE:2705 Subsystem: 1771:10DE
1007  |Info:    Registering I2C interface: /dev/i2c-4 Device 10DE:2705 Subsystem: 1771:10DE
1007  |Info:    Registering I2C interface: /dev/i2c-2 Device 10DE:2705 Subsystem: 1771:10DE
1007  |Info:    Registering I2C interface: /dev/i2c-0 Device 10DE:2705 Subsystem: 1771:10DE
1007  |Info:    ------------------------------------------------------
1007  |Info:    |               Detecting I2C devices                |
1007  |Info:    ------------------------------------------------------
1007  |Info:    ------------------------------------------------------
1007  |Info:    |               Detecting I2C PCI devices            |
1007  |Info:    ------------------------------------------------------
1008  |Info:    ------------------------------------------------------
1008  |Info:    |               Detecting HID devices                |
1008  |Info:    ------------------------------------------------------
1097  |Info:    [ASUS TUF GAMING B760M-PLUS] Registering RGB controller
1097  |Info:    ------------------------------------------------------
1097  |Info:    |            Detecting libusb HID devices            |
1097  |Info:    ------------------------------------------------------
1101  |Info:    ------------------------------------------------------
1101  |Info:    |              Detecting other devices               |
1101  |Info:    ------------------------------------------------------
1103  |Info:    ------------------------------------------------------
1103  |Info:    |                Detection completed                 |
1103  |Info:    ------------------------------------------------------
