    OpenRGB v0.81
    Commit:  from 
    Launched: 20240213_182558
====================================================================================================

0     |Info:    Found file: ocodo.orp attempting to validate header
0     |Info:    Valid v4 profile found for ocodo
1002  |Info:    ------------------------------------------------------
1002  |Info:    |               Start device detection               |
1002  |Info:    ------------------------------------------------------
1003  |Info:    Initializing HID interfaces: Success
1008  |Info:    ------------------------------------------------------
1008  |Info:    |             Detecting I2C interfaces               |
1008  |Info:    ------------------------------------------------------
1009  |Info:    Registering I2C interface: /dev/i2c-3 Device 10DE:2487 Subsystem: 10DE:1530
1009  |Info:    Registering I2C interface: /dev/i2c-1 Device 10DE:2487 Subsystem: 10DE:1530
1009  |Info:    Registering I2C interface: /dev/i2c-4 Device 10DE:2487 Subsystem: 10DE:1530
1009  |Info:    Registering I2C interface: /dev/i2c-2 Device 10DE:2487 Subsystem: 10DE:1530
1009  |Info:    Registering I2C interface: /dev/i2c-0 Device 10DE:2487 Subsystem: 10DE:1530
1010  |Info:    Registering I2C interface: /dev/i2c-5 Device 10DE:2487 Subsystem: 10DE:1530
1010  |Info:    ------------------------------------------------------
1010  |Info:    |               Detecting I2C devices                |
1010  |Info:    ------------------------------------------------------
1010  |Info:    ------------------------------------------------------
1010  |Info:    |               Detecting I2C PCI devices            |
1010  |Info:    ------------------------------------------------------
1011  |Info:    ------------------------------------------------------
1011  |Info:    |               Detecting HID devices                |
1011  |Info:    ------------------------------------------------------
1092  |Info:    [ASUS TUF GAMING B760M-PLUS] Registering RGB controller
1092  |Info:    ------------------------------------------------------
1092  |Info:    |            Detecting libusb HID devices            |
1092  |Info:    ------------------------------------------------------
1096  |Info:    ------------------------------------------------------
1096  |Info:    |              Detecting other devices               |
1096  |Info:    ------------------------------------------------------
1097  |Info:    ------------------------------------------------------
1097  |Info:    |                Detection completed                 |
1097  |Info:    ------------------------------------------------------
