    OpenRGB v0.9
    Commit: b5f46e3f1de03595656c682fc2f068b66e735e63 from 2023-07-09 22:51:47 -0500
    Launched: 20240213_130605
====================================================================================================

0     |Info:    Found file: ocodo.orp attempting to validate header
0     |Info:    Valid v4 profile found for ocodo
1019  |Info:    ------------------------------------------------------
1019  |Info:    |               Start device detection               |
1019  |Info:    ------------------------------------------------------
1019  |Info:    Initializing HID interfaces: Success
1024  |Info:    ------------------------------------------------------
1024  |Info:    |             Detecting I2C interfaces               |
1024  |Info:    ------------------------------------------------------
1025  |Info:    Registering I2C interface: /dev/i2c-3 Device 10DE:2487 Subsystem: 10DE:1530
1025  |Info:    Registering I2C interface: /dev/i2c-1 Device 10DE:2487 Subsystem: 10DE:1530
1025  |Info:    Registering I2C interface: /dev/i2c-4 Device 10DE:2487 Subsystem: 10DE:1530
1025  |Info:    Registering I2C interface: /dev/i2c-2 Device 10DE:2487 Subsystem: 10DE:1530
1025  |Info:    Registering I2C interface: /dev/i2c-0 Device 10DE:2487 Subsystem: 10DE:1530
1025  |Info:    Registering I2C interface: /dev/i2c-5 Device 10DE:2487 Subsystem: 10DE:1530
1025  |Info:    ------------------------------------------------------
1025  |Info:    |               Detecting I2C devices                |
1025  |Info:    ------------------------------------------------------
1032  |Info:    ------------------------------------------------------
1032  |Info:    |               Detecting I2C PCI devices            |
1032  |Info:    ------------------------------------------------------
1033  |Info:    ------------------------------------------------------
1033  |Info:    |               Detecting HID devices                |
1033  |Info:    ------------------------------------------------------
