    OpenRGB v0.9
    Commit: b5f46e3f1de03595656c682fc2f068b66e735e63 from 2023-07-09 22:51:47 -0500
    Launched: 20240205_150832
====================================================================================================

1016  |Info:    ------------------------------------------------------
1016  |Info:    |               Start device detection               |
1016  |Info:    ------------------------------------------------------
1016  |Info:    Initializing HID interfaces: Success
1017  |Info:    ------------------------------------------------------
1017  |Info:    |             Detecting I2C interfaces               |
1017  |Info:    ------------------------------------------------------
1017  |Info:    Registering I2C interface: /dev/i2c-3 Device 10DE:2487 Subsystem: 10DE:1530
1017  |Info:    Registering I2C interface: /dev/i2c-1 Device 10DE:2487 Subsystem: 10DE:1530
1017  |Info:    Registering I2C interface: /dev/i2c-4 Device 10DE:2487 Subsystem: 10DE:1530
1017  |Info:    Registering I2C interface: /dev/i2c-2 Device 10DE:2487 Subsystem: 10DE:1530
1017  |Info:    Registering I2C interface: /dev/i2c-0 Device 10DE:2487 Subsystem: 10DE:1530
1017  |Info:    Registering I2C interface: /dev/i2c-5 Device 10DE:2487 Subsystem: 10DE:1530
1017  |Info:    ------------------------------------------------------
1017  |Info:    |               Detecting I2C devices                |
1017  |Info:    ------------------------------------------------------
1018  |Info:    ------------------------------------------------------
1018  |Info:    |               Detecting I2C PCI devices            |
1018  |Info:    ------------------------------------------------------
1018  |Info:    ------------------------------------------------------
1018  |Info:    |               Detecting HID devices                |
1018  |Info:    ------------------------------------------------------
1106  |Info:    [ASUS TUF GAMING B760M-PLUS] Registering RGB controller
1106  |Info:    ------------------------------------------------------
1106  |Info:    |            Detecting libusb HID devices            |
1106  |Info:    ------------------------------------------------------
1106  |Info:    ------------------------------------------------------
1106  |Info:    |              Detecting other devices               |
1106  |Info:    ------------------------------------------------------
1111  |Info:    ------------------------------------------------------
1111  |Info:    |                Detection completed                 |
1111  |Info:    ------------------------------------------------------
