    OpenRGB v0.9
    Commit: b5f46e3f1de03595656c682fc2f068b66e735e63 from 2023-07-09 22:51:47 -0500
    Launched: 20241003_134206
====================================================================================================

0     |Info:    Found file: ocodo.orp attempting to validate header
0     |Info:    Valid v4 profile found for ocodo
1004  |Info:    ------------------------------------------------------
1004  |Info:    |               Start device detection               |
1004  |Info:    ------------------------------------------------------
1005  |Info:    Initializing HID interfaces: Success
1014  |Info:    ------------------------------------------------------
1014  |Info:    |             Detecting I2C interfaces               |
1014  |Info:    ------------------------------------------------------
1014  |Info:    Registering I2C interface: /dev/i2c-3 Device 8086:7A23 Subsystem: 1043:8882
1014  |Info:    Registering I2C interface: /dev/i2c-1 Device 0000:0000 Subsystem: 0000:0000
1014  |Info:    Registering I2C interface: /dev/i2c-8 Device 10DE:2705 Subsystem: 1771:10DE
1014  |Info:    Registering I2C interface: /dev/i2c-6 Device 10DE:2705 Subsystem: 1771:10DE
1014  |Info:    Registering I2C interface: /dev/i2c-4 Device 10DE:2705 Subsystem: 1771:10DE
1014  |Info:    Registering I2C interface: /dev/i2c-2 Device 0000:0000 Subsystem: 0000:0000
1014  |Info:    Registering I2C interface: /dev/i2c-0 Device 0000:0000 Subsystem: 0000:0000
1014  |Info:    Registering I2C interface: /dev/i2c-7 Device 10DE:2705 Subsystem: 1771:10DE
1014  |Info:    Registering I2C interface: /dev/i2c-5 Device 10DE:2705 Subsystem: 1771:10DE
1014  |Info:    ------------------------------------------------------
1014  |Info:    |               Detecting I2C devices                |
1014  |Info:    ------------------------------------------------------
7514  |Info:    ------------------------------------------------------
7514  |Info:    |               Detecting I2C PCI devices            |
7514  |Info:    ------------------------------------------------------
7516  |Info:    ------------------------------------------------------
7516  |Info:    |               Detecting HID devices                |
7516  |Info:    ------------------------------------------------------
7541  |Info:    [ASUS TUF GAMING B760M-PLUS] Registering RGB controller
7541  |Info:    ------------------------------------------------------
7541  |Info:    |            Detecting libusb HID devices            |
7541  |Info:    ------------------------------------------------------
7542  |Info:    ------------------------------------------------------
7542  |Info:    |              Detecting other devices               |
7542  |Info:    ------------------------------------------------------
7549  |Info:    ------------------------------------------------------
7549  |Info:    |                Detection completed                 |
7549  |Info:    ------------------------------------------------------
