    OpenRGB v0.81
    Commit:  from 
    Launched: 20240213_144703
====================================================================================================

0     |Info:    Found file: ocodo.orp attempting to validate header
0     |Info:    Valid v4 profile found for ocodo
1002  |Info:    Saving detector settings
1004  |Info:    ------------------------------------------------------
1004  |Info:    |               Start device detection               |
1004  |Info:    ------------------------------------------------------
1005  |Info:    Initializing HID interfaces: Success
1010  |Info:    ------------------------------------------------------
1010  |Info:    |             Detecting I2C interfaces               |
1010  |Info:    ------------------------------------------------------
1011  |Info:    Registering I2C interface: /dev/i2c-3 Device 10DE:2487 Subsystem: 10DE:1530
1011  |Info:    Registering I2C interface: /dev/i2c-1 Device 10DE:2487 Subsystem: 10DE:1530
1011  |Info:    Registering I2C interface: /dev/i2c-4 Device 10DE:2487 Subsystem: 10DE:1530
1011  |Info:    Registering I2C interface: /dev/i2c-2 Device 10DE:2487 Subsystem: 10DE:1530
1011  |Info:    Registering I2C interface: /dev/i2c-0 Device 10DE:2487 Subsystem: 10DE:1530
1011  |Info:    Registering I2C interface: /dev/i2c-5 Device 10DE:2487 Subsystem: 10DE:1530
1011  |Info:    ------------------------------------------------------
1011  |Info:    |               Detecting I2C devices                |
1011  |Info:    ------------------------------------------------------
1011  |Info:    ------------------------------------------------------
1011  |Info:    |               Detecting I2C PCI devices            |
1011  |Info:    ------------------------------------------------------
1012  |Info:    ------------------------------------------------------
1012  |Info:    |               Detecting HID devices                |
1012  |Info:    ------------------------------------------------------
1093  |Info:    [ASUS TUF GAMING B760M-PLUS] Registering RGB controller
1093  |Info:    ------------------------------------------------------
1093  |Info:    |            Detecting libusb HID devices            |
1093  |Info:    ------------------------------------------------------
1099  |Info:    ------------------------------------------------------
1099  |Info:    |              Detecting other devices               |
1099  |Info:    ------------------------------------------------------
1104  |Info:    ------------------------------------------------------
1104  |Info:    |                Detection completed                 |
1104  |Info:    ------------------------------------------------------
