    OpenRGB v0.9
    Commit: b5f46e3f1de03595656c682fc2f068b66e735e63 from 2023-07-09 22:51:47 -0500
    Launched: 20240205_144757
====================================================================================================

1021  |Info:    Saving detector settings
1023  |Info:    ------------------------------------------------------
1023  |Info:    |               Start device detection               |
1023  |Info:    ------------------------------------------------------
1024  |Info:    Initializing HID interfaces: Success
1029  |Info:    ------------------------------------------------------
1029  |Info:    |             Detecting I2C interfaces               |
1029  |Info:    ------------------------------------------------------
1029  |Info:    Registering I2C interface: /dev/i2c-3 Device 10DE:2487 Subsystem: 10DE:1530
1029  |Info:    Registering I2C interface: /dev/i2c-4 Device 10DE:2487 Subsystem: 10DE:1530
1029  |Info:    Registering I2C interface: /dev/i2c-0 Device 10DE:2487 Subsystem: 10DE:1530
1029  |Info:    ------------------------------------------------------
1029  |Info:    |               Detecting I2C devices                |
1029  |Info:    ------------------------------------------------------
1036  |Info:    ------------------------------------------------------
1036  |Info:    |               Detecting I2C PCI devices            |
1036  |Info:    ------------------------------------------------------
1037  |Info:    ------------------------------------------------------
1037  |Info:    |               Detecting HID devices                |
1037  |Info:    ------------------------------------------------------
1037  |Info:    ------------------------------------------------------
1037  |Info:    |            Detecting libusb HID devices            |
1037  |Info:    ------------------------------------------------------
1039  |Info:    ------------------------------------------------------
1039  |Info:    |              Detecting other devices               |
1039  |Info:    ------------------------------------------------------
1047  |Info:    ------------------------------------------------------
1047  |Info:    |                Detection completed                 |
1047  |Info:    ------------------------------------------------------
1047  |Dialog:  <h2>WARNING:</h2><p>The OpenRGB udev rules are not installed.</p><p>Most devices will not be available unless running OpenRGB as root.</p><p>If using AppImage, Flatpak, or self-compiled versions of OpenRGB you must install the udev rules manually</p><p>See <a href='https://openrgb.org/udev'>https://openrgb.org/udev</a> to install the udev rules manually</p>
4195  |Info:    ------------------------------------------------------
4195  |Info:    |               Start device detection               |
4195  |Info:    ------------------------------------------------------
4195  |Info:    Initializing HID interfaces: Success
4198  |Info:    ------------------------------------------------------
4198  |Info:    |             Detecting I2C interfaces               |
4198  |Info:    ------------------------------------------------------
4198  |Info:    Registering I2C interface: /dev/i2c-3 Device 10DE:2487 Subsystem: 10DE:1530
4198  |Info:    Registering I2C interface: /dev/i2c-4 Device 10DE:2487 Subsystem: 10DE:1530
4198  |Info:    Registering I2C interface: /dev/i2c-0 Device 10DE:2487 Subsystem: 10DE:1530
4198  |Info:    ------------------------------------------------------
4198  |Info:    |               Detecting I2C devices                |
4198  |Info:    ------------------------------------------------------
4198  |Info:    ------------------------------------------------------
4198  |Info:    |               Detecting I2C PCI devices            |
4198  |Info:    ------------------------------------------------------
4200  |Info:    ------------------------------------------------------
4200  |Info:    |               Detecting HID devices                |
4200  |Info:    ------------------------------------------------------
4201  |Info:    ------------------------------------------------------
4201  |Info:    |            Detecting libusb HID devices            |
4201  |Info:    ------------------------------------------------------
4201  |Info:    ------------------------------------------------------
4201  |Info:    |              Detecting other devices               |
4201  |Info:    ------------------------------------------------------
4202  |Info:    ------------------------------------------------------
4202  |Info:    |                Detection completed                 |
4202  |Info:    ------------------------------------------------------
4202  |Dialog:  <h2>WARNING:</h2><p>The OpenRGB udev rules are not installed.</p><p>Most devices will not be available unless running OpenRGB as root.</p><p>If using AppImage, Flatpak, or self-compiled versions of OpenRGB you must install the udev rules manually</p><p>See <a href='https://openrgb.org/udev'>https://openrgb.org/udev</a> to install the udev rules manually</p>
